{"C:\\Users\\Masha\\WebstormProjects\\lab5_node.js\\project\\src\\app.ts": {"path":"C:\\Users\\Masha\\WebstormProjects\\lab5_node.js\\project\\src\\app.ts","statementMap":{"0":{"start":{"line":1,"column":0},"end":{"line":1,"column":30}},"1":{"start":{"line":2,"column":0},"end":{"line":2,"column":24}},"2":{"start":{"line":3,"column":0},"end":{"line":3,"column":32}},"3":{"start":{"line":4,"column":0},"end":{"line":4,"column":43}},"4":{"start":{"line":5,"column":0},"end":{"line":5,"column":57}},"5":{"start":{"line":7,"column":12},"end":{"line":7,"column":21}},"6":{"start":{"line":9,"column":0},"end":{"line":9,"column":16}},"7":{"start":{"line":10,"column":0},"end":{"line":10,"column":24}},"8":{"start":{"line":12,"column":0},"end":{"line":26,"column":3}},"9":{"start":{"line":13,"column":24},"end":{"line":13,"column":60}},"10":{"start":{"line":14,"column":4},"end":{"line":25,"column":5}},"11":{"start":{"line":15,"column":8},"end":{"line":19,"column":11}},"12":{"start":{"line":21,"column":8},"end":{"line":24,"column":11}},"13":{"start":{"line":28,"column":0},"end":{"line":28,"column":34}},"14":{"start":{"line":30,"column":0},"end":{"line":30,"column":22}},"15":{"start":{"line":32,"column":0},"end":{"line":32,"column":19}}},"fnMap":{"0":{"name":"(anonymous_1)","decl":{"start":{"line":12,"column":19},"end":{"line":12,"column":20}},"loc":{"start":{"line":12,"column":32},"end":{"line":26,"column":1}}}},"branchMap":{"0":{"loc":{"start":{"line":14,"column":4},"end":{"line":25,"column":5}},"type":"if","locations":[{"start":{"line":14,"column":4},"end":{"line":25,"column":5}},{"start":{"line":20,"column":11},"end":{"line":25,"column":5}}]}},"s":{"0":2,"1":2,"2":2,"3":2,"4":2,"5":2,"6":2,"7":2,"8":2,"9":0,"10":0,"11":0,"12":0,"13":2,"14":2,"15":2},"f":{"0":0},"b":{"0":[0,0]}}
,"C:\\Users\\Masha\\WebstormProjects\\lab5_node.js\\project\\src\\middleware\\errorHandler.ts": {"path":"C:\\Users\\Masha\\WebstormProjects\\lab5_node.js\\project\\src\\middleware\\errorHandler.ts","statementMap":{"0":{"start":{"line":2,"column":0},"end":{"line":2,"column":31}},"1":{"start":{"line":3,"column":0},"end":{"line":3,"column":32}},"2":{"start":{"line":5,"column":28},"end":{"line":59,"column":1}},"3":{"start":{"line":11,"column":4},"end":{"line":20,"column":5}},"4":{"start":{"line":12,"column":8},"end":{"line":19,"column":11}},"5":{"start":{"line":15,"column":42},"end":{"line":18,"column":14}},"6":{"start":{"line":22,"column":4},"end":{"line":28,"column":5}},"7":{"start":{"line":23,"column":8},"end":{"line":27,"column":11}},"8":{"start":{"line":31,"column":4},"end":{"line":42,"column":5}},"9":{"start":{"line":32,"column":24},"end":{"line":35,"column":11}},"10":{"start":{"line":32,"column":67},"end":{"line":35,"column":10}},"11":{"start":{"line":37,"column":8},"end":{"line":41,"column":11}},"12":{"start":{"line":45,"column":4},"end":{"line":51,"column":5}},"13":{"start":{"line":46,"column":8},"end":{"line":50,"column":11}},"14":{"start":{"line":54,"column":23},"end":{"line":54,"column":40}},"15":{"start":{"line":55,"column":4},"end":{"line":58,"column":7}},"16":{"start":{"line":5,"column":13},"end":{"line":5,"column":28}}},"fnMap":{"0":{"name":"(anonymous_1)","decl":{"start":{"line":5,"column":28},"end":{"line":5,"column":null}},"loc":{"start":{"line":10,"column":4},"end":{"line":59,"column":1}}},"1":{"name":"(anonymous_2)","decl":{"start":{"line":15,"column":36},"end":{"line":15,"column":37}},"loc":{"start":{"line":15,"column":42},"end":{"line":18,"column":14}}},"2":{"name":"(anonymous_3)","decl":{"start":{"line":32,"column":54},"end":{"line":32,"column":55}},"loc":{"start":{"line":32,"column":67},"end":{"line":35,"column":10}}}},"branchMap":{"0":{"loc":{"start":{"line":11,"column":4},"end":{"line":20,"column":5}},"type":"if","locations":[{"start":{"line":11,"column":4},"end":{"line":20,"column":5}},{"start":{},"end":{}}]},"1":{"loc":{"start":{"line":22,"column":4},"end":{"line":28,"column":5}},"type":"if","locations":[{"start":{"line":22,"column":4},"end":{"line":28,"column":5}},{"start":{},"end":{}}]},"2":{"loc":{"start":{"line":31,"column":4},"end":{"line":42,"column":5}},"type":"if","locations":[{"start":{"line":31,"column":4},"end":{"line":42,"column":5}},{"start":{},"end":{}}]},"3":{"loc":{"start":{"line":45,"column":4},"end":{"line":51,"column":5}},"type":"if","locations":[{"start":{"line":45,"column":4},"end":{"line":51,"column":5}},{"start":{},"end":{}}]},"4":{"loc":{"start":{"line":54,"column":23},"end":{"line":54,"column":40}},"type":"binary-expr","locations":[{"start":{"line":54,"column":23},"end":{"line":54,"column":33}},{"start":{"line":54,"column":37},"end":{"line":54,"column":40}}]},"5":{"loc":{"start":{"line":57,"column":17},"end":{"line":57,"column":59}},"type":"binary-expr","locations":[{"start":{"line":57,"column":17},"end":{"line":57,"column":28}},{"start":{"line":57,"column":32},"end":{"line":57,"column":59}}]}},"s":{"0":2,"1":2,"2":2,"3":2,"4":2,"5":6,"6":0,"7":0,"8":0,"9":0,"10":0,"11":0,"12":0,"13":0,"14":0,"15":0,"16":2},"f":{"0":2,"1":6,"2":0},"b":{"0":[2,0],"1":[0,0],"2":[0,0],"3":[0,0],"4":[0,0],"5":[0,0]}}
,"C:\\Users\\Masha\\WebstormProjects\\lab5_node.js\\project\\src\\middleware\\validate.ts": {"path":"C:\\Users\\Masha\\WebstormProjects\\lab5_node.js\\project\\src\\middleware\\validate.ts","statementMap":{"0":{"start":{"line":4,"column":24},"end":{"line":12,"column":5}},"1":{"start":{"line":5,"column":4},"end":{"line":12,"column":5}},"2":{"start":{"line":6,"column":8},"end":{"line":11,"column":9}},"3":{"start":{"line":7,"column":12},"end":{"line":7,"column":46}},"4":{"start":{"line":8,"column":12},"end":{"line":8,"column":19}},"5":{"start":{"line":10,"column":12},"end":{"line":10,"column":24}},"6":{"start":{"line":4,"column":13},"end":{"line":4,"column":24}}},"fnMap":{"0":{"name":"(anonymous_0)","decl":{"start":{"line":4,"column":24},"end":{"line":4,"column":25}},"loc":{"start":{"line":5,"column":4},"end":{"line":12,"column":5}}},"1":{"name":"(anonymous_1)","decl":{"start":{"line":5,"column":4},"end":{"line":5,"column":5}},"loc":{"start":{"line":5,"column":56},"end":{"line":12,"column":5}}}},"branchMap":{},"s":{"0":2,"1":4,"2":18,"3":18,"4":16,"5":2,"6":2},"f":{"0":4,"1":18},"b":{}}
,"C:\\Users\\Masha\\WebstormProjects\\lab5_node.js\\project\\src\\models\\recipe.model.ts": {"path":"C:\\Users\\Masha\\WebstormProjects\\lab5_node.js\\project\\src\\models\\recipe.model.ts","statementMap":{"0":{"start":{"line":1,"column":0},"end":{"line":1,"column":54}},"1":{"start":{"line":18,"column":21},"end":{"line":36,"column":2}},"2":{"start":{"line":24,"column":49},"end":{"line":24,"column":81}},"3":{"start":{"line":39,"column":0},"end":{"line":43,"column":3}},"4":{"start":{"line":40,"column":18},"end":{"line":40,"column":51}},"5":{"start":{"line":41,"column":17},"end":{"line":41,"column":38}},"6":{"start":{"line":42,"column":4},"end":{"line":42,"column":35}},"7":{"start":{"line":45,"column":13},"end":{"line":45,"column":78}}},"fnMap":{"0":{"name":"(anonymous_9)","decl":{"start":{"line":24,"column":23},"end":{"line":24,"column":24}},"loc":{"start":{"line":24,"column":49},"end":{"line":24,"column":81}}},"1":{"name":"(anonymous_10)","decl":{"start":{"line":39,"column":45},"end":{"line":39,"column":null}},"loc":{"start":{"line":39,"column":45},"end":{"line":43,"column":1}}}},"branchMap":{"0":{"loc":{"start":{"line":24,"column":49},"end":{"line":24,"column":81}},"type":"binary-expr","locations":[{"start":{"line":24,"column":49},"end":{"line":24,"column":65}},{"start":{"line":24,"column":69},"end":{"line":24,"column":81}}]}},"s":{"0":2,"1":2,"2":11,"3":2,"4":1,"5":1,"6":1,"7":2},"f":{"0":11,"1":1},"b":{"0":[11,11]}}
,"C:\\Users\\Masha\\WebstormProjects\\lab5_node.js\\project\\src\\routes\\entity.ts": {"path":"C:\\Users\\Masha\\WebstormProjects\\lab5_node.js\\project\\src\\routes\\entity.ts","statementMap":{"0":{"start":{"line":1,"column":0},"end":{"line":1,"column":52}},"1":{"start":{"line":2,"column":0},"end":{"line":2,"column":28}},"2":{"start":{"line":4,"column":0},"end":{"line":4,"column":45}},"3":{"start":{"line":5,"column":0},"end":{"line":5,"column":50}},"4":{"start":{"line":6,"column":0},"end":{"line":6,"column":82}},"5":{"start":{"line":8,"column":15},"end":{"line":8,"column":23}},"6":{"start":{"line":23,"column":4},"end":{"line":23,"column":29}},"7":{"start":{"line":23,"column":12},"end":{"line":23,"column":29}},"8":{"start":{"line":24,"column":4},"end":{"line":24,"column":39}},"9":{"start":{"line":28,"column":16},"end":{"line":28,"column":27}},"10":{"start":{"line":29,"column":4},"end":{"line":29,"column":31}},"11":{"start":{"line":29,"column":14},"end":{"line":29,"column":31}},"12":{"start":{"line":30,"column":16},"end":{"line":30,"column":27}},"13":{"start":{"line":31,"column":4},"end":{"line":31,"column":40}},"14":{"start":{"line":35,"column":0},"end":{"line":46,"column":2}},"15":{"start":{"line":38,"column":39},"end":{"line":41,"column":10}},"16":{"start":{"line":43,"column":24},"end":{"line":43,"column":47}},"17":{"start":{"line":44,"column":8},"end":{"line":44,"column":26}},"18":{"start":{"line":48,"column":0},"end":{"line":51,"column":3}},"19":{"start":{"line":49,"column":20},"end":{"line":49,"column":51}},"20":{"start":{"line":50,"column":4},"end":{"line":50,"column":22}},"21":{"start":{"line":53,"column":0},"end":{"line":57,"column":3}},"22":{"start":{"line":54,"column":19},"end":{"line":54,"column":49}},"23":{"start":{"line":55,"column":4},"end":{"line":55,"column":44}},"24":{"start":{"line":55,"column":17},"end":{"line":55,"column":44}},"25":{"start":{"line":56,"column":4},"end":{"line":56,"column":21}},"26":{"start":{"line":59,"column":0},"end":{"line":76,"column":2}},"27":{"start":{"line":66,"column":20},"end":{"line":66,"column":30}},"28":{"start":{"line":67,"column":23},"end":{"line":72,"column":10}},"29":{"start":{"line":73,"column":8},"end":{"line":73,"column":31}},"30":{"start":{"line":74,"column":8},"end":{"line":74,"column":37}},"31":{"start":{"line":79,"column":0},"end":{"line":90,"column":2}},"32":{"start":{"line":86,"column":24},"end":{"line":86,"column":63}},"33":{"start":{"line":87,"column":8},"end":{"line":87,"column":49}},"34":{"start":{"line":87,"column":22},"end":{"line":87,"column":49}},"35":{"start":{"line":88,"column":8},"end":{"line":88,"column":26}},"36":{"start":{"line":92,"column":0},"end":{"line":96,"column":3}},"37":{"start":{"line":93,"column":15},"end":{"line":93,"column":44}},"38":{"start":{"line":94,"column":4},"end":{"line":94,"column":40}},"39":{"start":{"line":94,"column":13},"end":{"line":94,"column":40}},"40":{"start":{"line":95,"column":4},"end":{"line":95,"column":24}},"41":{"start":{"line":98,"column":0},"end":{"line":98,"column":22}}},"fnMap":{"0":{"name":"toString","decl":{"start":{"line":22,"column":9},"end":{"line":22,"column":17}},"loc":{"start":{"line":22,"column":39},"end":{"line":25,"column":1}}},"1":{"name":"toNumber","decl":{"start":{"line":27,"column":9},"end":{"line":27,"column":17}},"loc":{"start":{"line":27,"column":39},"end":{"line":32,"column":1}}},"2":{"name":"(anonymous_12)","decl":{"start":{"line":37,"column":4},"end":{"line":37,"column":5}},"loc":{"start":{"line":37,"column":61},"end":{"line":45,"column":5}}},"3":{"name":"(anonymous_13)","decl":{"start":{"line":48,"column":21},"end":{"line":48,"column":22}},"loc":{"start":{"line":48,"column":54},"end":{"line":51,"column":1}}},"4":{"name":"(anonymous_14)","decl":{"start":{"line":53,"column":19},"end":{"line":53,"column":20}},"loc":{"start":{"line":53,"column":67},"end":{"line":57,"column":1}}},"5":{"name":"(anonymous_15)","decl":{"start":{"line":62,"column":4},"end":{"line":62,"column":null}},"loc":{"start":{"line":65,"column":8},"end":{"line":75,"column":5}}},"6":{"name":"(anonymous_16)","decl":{"start":{"line":82,"column":4},"end":{"line":82,"column":null}},"loc":{"start":{"line":85,"column":8},"end":{"line":89,"column":5}}},"7":{"name":"(anonymous_17)","decl":{"start":{"line":92,"column":22},"end":{"line":92,"column":23}},"loc":{"start":{"line":92,"column":70},"end":{"line":96,"column":1}}}},"branchMap":{"0":{"loc":{"start":{"line":23,"column":4},"end":{"line":23,"column":29}},"type":"if","locations":[{"start":{"line":23,"column":4},"end":{"line":23,"column":29}},{"start":{},"end":{}}]},"1":{"loc":{"start":{"line":24,"column":11},"end":{"line":24,"column":38}},"type":"cond-expr","locations":[{"start":{"line":24,"column":30},"end":{"line":24,"column":34}},{"start":{"line":24,"column":37},"end":{"line":24,"column":38}}]},"2":{"loc":{"start":{"line":29,"column":4},"end":{"line":29,"column":31}},"type":"if","locations":[{"start":{"line":29,"column":4},"end":{"line":29,"column":31}},{"start":{},"end":{}}]},"3":{"loc":{"start":{"line":31,"column":11},"end":{"line":31,"column":39}},"type":"cond-expr","locations":[{"start":{"line":31,"column":24},"end":{"line":31,"column":33}},{"start":{"line":31,"column":36},"end":{"line":31,"column":39}}]},"4":{"loc":{"start":{"line":55,"column":4},"end":{"line":55,"column":44}},"type":"if","locations":[{"start":{"line":55,"column":4},"end":{"line":55,"column":44}},{"start":{},"end":{}}]},"5":{"loc":{"start":{"line":87,"column":8},"end":{"line":87,"column":49}},"type":"if","locations":[{"start":{"line":87,"column":8},"end":{"line":87,"column":49}},{"start":{},"end":{}}]},"6":{"loc":{"start":{"line":94,"column":4},"end":{"line":94,"column":40}},"type":"if","locations":[{"start":{"line":94,"column":4},"end":{"line":94,"column":40}},{"start":{},"end":{}}]}},"s":{"0":2,"1":2,"2":2,"3":2,"4":2,"5":2,"6":18,"7":13,"8":5,"9":9,"10":9,"11":7,"12":2,"13":2,"14":2,"15":9,"16":9,"17":9,"18":2,"19":1,"20":1,"21":2,"22":4,"23":4,"24":3,"25":1,"26":2,"27":13,"28":13,"29":13,"30":13,"31":2,"32":3,"33":3,"34":2,"35":1,"36":2,"37":3,"38":3,"39":2,"40":1,"41":2},"f":{"0":18,"1":9,"2":9,"3":1,"4":4,"5":13,"6":3,"7":3},"b":{"0":[13,5],"1":[0,5],"2":[7,2],"3":[0,2],"4":[3,1],"5":[2,1],"6":[2,1]}}
,"C:\\Users\\Masha\\WebstormProjects\\lab5_node.js\\project\\src\\schemas\\entity.schema.ts": {"path":"C:\\Users\\Masha\\WebstormProjects\\lab5_node.js\\project\\src\\schemas\\entity.schema.ts","statementMap":{"0":{"start":{"line":1,"column":0},"end":{"line":1,"column":24}},"1":{"start":{"line":3,"column":13},"end":{"line":8,"column":3}},"2":{"start":{"line":10,"column":13},"end":{"line":10,"column":63}}},"fnMap":{},"branchMap":{},"s":{"0":2,"1":2,"2":2},"f":{},"b":{}}
,"C:\\Users\\Masha\\WebstormProjects\\lab5_node.js\\project\\src\\storage\\entity.ts": {"path":"C:\\Users\\Masha\\WebstormProjects\\lab5_node.js\\project\\src\\storage\\entity.ts","statementMap":{"0":{"start":{"line":3,"column":16},"end":{"line":3,"column":41}},"1":{"start":{"line":5,"column":22},"end":{"line":22,"column":1}},"2":{"start":{"line":9,"column":15},"end":{"line":9,"column":43}},"3":{"start":{"line":11,"column":4},"end":{"line":13,"column":5}},"4":{"start":{"line":12,"column":8},"end":{"line":12,"column":69}},"5":{"start":{"line":12,"column":32},"end":{"line":12,"column":67}},"6":{"start":{"line":16,"column":20},"end":{"line":16,"column":36}},"7":{"start":{"line":17,"column":4},"end":{"line":19,"column":5}},"8":{"start":{"line":18,"column":8},"end":{"line":18,"column":58}},"9":{"start":{"line":18,"column":32},"end":{"line":18,"column":56}},"10":{"start":{"line":21,"column":4},"end":{"line":21,"column":16}},"11":{"start":{"line":5,"column":13},"end":{"line":5,"column":22}},"12":{"start":{"line":24,"column":23},"end":{"line":26,"column":1}},"13":{"start":{"line":25,"column":4},"end":{"line":25,"column":27}},"14":{"start":{"line":24,"column":13},"end":{"line":24,"column":23}},"15":{"start":{"line":28,"column":22},"end":{"line":31,"column":1}},"16":{"start":{"line":29,"column":4},"end":{"line":29,"column":35}},"17":{"start":{"line":30,"column":4},"end":{"line":30,"column":18}},"18":{"start":{"line":28,"column":13},"end":{"line":28,"column":22}},"19":{"start":{"line":33,"column":22},"end":{"line":45,"column":1}},"20":{"start":{"line":34,"column":21},"end":{"line":34,"column":36}},"21":{"start":{"line":35,"column":4},"end":{"line":35,"column":31}},"22":{"start":{"line":35,"column":19},"end":{"line":35,"column":31}},"23":{"start":{"line":37,"column":20},"end":{"line":41,"column":6}},"24":{"start":{"line":43,"column":4},"end":{"line":43,"column":29}},"25":{"start":{"line":44,"column":4},"end":{"line":44,"column":19}},"26":{"start":{"line":33,"column":13},"end":{"line":33,"column":22}},"27":{"start":{"line":47,"column":22},"end":{"line":49,"column":1}},"28":{"start":{"line":48,"column":4},"end":{"line":48,"column":30}},"29":{"start":{"line":47,"column":13},"end":{"line":47,"column":22}},"30":{"start":{"line":51,"column":21},"end":{"line":53,"column":1}},"31":{"start":{"line":52,"column":4},"end":{"line":52,"column":20}},"32":{"start":{"line":51,"column":13},"end":{"line":51,"column":21}}},"fnMap":{"0":{"name":"(anonymous_0)","decl":{"start":{"line":5,"column":22},"end":{"line":5,"column":23}},"loc":{"start":{"line":8,"column":5},"end":{"line":22,"column":1}}},"1":{"name":"(anonymous_1)","decl":{"start":{"line":12,"column":27},"end":{"line":12,"column":28}},"loc":{"start":{"line":12,"column":32},"end":{"line":12,"column":67}}},"2":{"name":"(anonymous_2)","decl":{"start":{"line":18,"column":27},"end":{"line":18,"column":28}},"loc":{"start":{"line":18,"column":32},"end":{"line":18,"column":56}}},"3":{"name":"(anonymous_3)","decl":{"start":{"line":24,"column":23},"end":{"line":24,"column":24}},"loc":{"start":{"line":24,"column":38},"end":{"line":26,"column":1}}},"4":{"name":"(anonymous_4)","decl":{"start":{"line":28,"column":22},"end":{"line":28,"column":23}},"loc":{"start":{"line":28,"column":41},"end":{"line":31,"column":1}}},"5":{"name":"(anonymous_5)","decl":{"start":{"line":33,"column":22},"end":{"line":33,"column":23}},"loc":{"start":{"line":33,"column":60},"end":{"line":45,"column":1}}},"6":{"name":"(anonymous_6)","decl":{"start":{"line":47,"column":22},"end":{"line":47,"column":23}},"loc":{"start":{"line":47,"column":37},"end":{"line":49,"column":1}}},"7":{"name":"(anonymous_7)","decl":{"start":{"line":51,"column":21},"end":{"line":51,"column":24}},"loc":{"start":{"line":51,"column":26},"end":{"line":53,"column":1}}}},"branchMap":{"0":{"loc":{"start":{"line":11,"column":4},"end":{"line":13,"column":5}},"type":"if","locations":[{"start":{"line":11,"column":4},"end":{"line":13,"column":5}},{"start":{},"end":{}}]},"1":{"loc":{"start":{"line":17,"column":4},"end":{"line":19,"column":5}},"type":"if","locations":[{"start":{"line":17,"column":4},"end":{"line":19,"column":5}},{"start":{},"end":{}}]},"2":{"loc":{"start":{"line":35,"column":4},"end":{"line":35,"column":31}},"type":"if","locations":[{"start":{"line":35,"column":4},"end":{"line":35,"column":31}},{"start":{},"end":{}}]}},"s":{"0":2,"1":2,"2":10,"3":10,"4":3,"5":4,"6":10,"7":10,"8":3,"9":5,"10":10,"11":2,"12":2,"13":4,"14":2,"15":2,"16":13,"17":13,"18":2,"19":2,"20":3,"21":3,"22":2,"23":1,"24":1,"25":1,"26":2,"27":2,"28":3,"29":2,"30":2,"31":15,"32":2},"f":{"0":10,"1":4,"2":5,"3":4,"4":13,"5":3,"6":3,"7":15},"b":{"0":[3,7],"1":[3,7],"2":[2,1]}}
,"C:\\Users\\Masha\\WebstormProjects\\lab5_node.js\\project\\tests\\setup.ts": {"path":"C:\\Users\\Masha\\WebstormProjects\\lab5_node.js\\project\\tests\\setup.ts","statementMap":{"0":{"start":{"line":1,"column":0},"end":{"line":1,"column":58}},"1":{"start":{"line":2,"column":0},"end":{"line":2,"column":32}},"2":{"start":{"line":7,"column":23},"end":{"line":11,"column":1}},"3":{"start":{"line":8,"column":4},"end":{"line":8,"column":51}},"4":{"start":{"line":9,"column":16},"end":{"line":9,"column":36}},"5":{"start":{"line":10,"column":4},"end":{"line":10,"column":32}},"6":{"start":{"line":7,"column":13},"end":{"line":7,"column":23}},"7":{"start":{"line":14,"column":21},"end":{"line":18,"column":1}},"8":{"start":{"line":15,"column":4},"end":{"line":15,"column":45}},"9":{"start":{"line":16,"column":4},"end":{"line":16,"column":38}},"10":{"start":{"line":17,"column":4},"end":{"line":17,"column":29}},"11":{"start":{"line":14,"column":13},"end":{"line":14,"column":21}},"12":{"start":{"line":21,"column":21},"end":{"line":26,"column":1}},"13":{"start":{"line":22,"column":24},"end":{"line":22,"column":55}},"14":{"start":{"line":23,"column":4},"end":{"line":25,"column":5}},"15":{"start":{"line":24,"column":8},"end":{"line":24,"column":46}},"16":{"start":{"line":21,"column":13},"end":{"line":21,"column":21}}},"fnMap":{"0":{"name":"(anonymous_1)","decl":{"start":{"line":7,"column":23},"end":{"line":7,"column":28}},"loc":{"start":{"line":7,"column":34},"end":{"line":11,"column":1}}},"1":{"name":"(anonymous_2)","decl":{"start":{"line":14,"column":21},"end":{"line":14,"column":26}},"loc":{"start":{"line":14,"column":32},"end":{"line":18,"column":1}}},"2":{"name":"(anonymous_3)","decl":{"start":{"line":21,"column":21},"end":{"line":21,"column":26}},"loc":{"start":{"line":21,"column":32},"end":{"line":26,"column":1}}}},"branchMap":{},"s":{"0":2,"1":2,"2":2,"3":2,"4":2,"5":2,"6":2,"7":2,"8":2,"9":2,"10":2,"11":2,"12":2,"13":15,"14":15,"15":15,"16":2},"f":{"0":2,"1":2,"2":15},"b":{}}
}
