TN:
SF:src\app.ts
FN:12,(anonymous_1)
FNF:1
FNH:0
FNDA:0,(anonymous_1)
DA:1,2
DA:2,2
DA:3,2
DA:4,2
DA:5,2
DA:7,2
DA:9,2
DA:10,2
DA:12,2
DA:13,0
DA:14,0
DA:15,0
DA:21,0
DA:28,2
DA:30,2
DA:32,2
LF:16
LH:12
BRDA:14,0,0,0
BRDA:14,0,1,0
BRF:2
BRH:0
end_of_record
TN:
SF:src\middleware\errorHandler.ts
FN:5,(anonymous_1)
FN:15,(anonymous_2)
FN:32,(anonymous_3)
FNF:3
FNH:2
FNDA:2,(anonymous_1)
FNDA:6,(anonymous_2)
FNDA:0,(anonymous_3)
DA:2,2
DA:3,2
DA:5,2
DA:11,2
DA:12,2
DA:15,6
DA:22,0
DA:23,0
DA:31,0
DA:32,0
DA:37,0
DA:45,0
DA:46,0
DA:54,0
DA:55,0
LF:15
LH:6
BRDA:11,0,0,2
BRDA:11,0,1,0
BRDA:22,1,0,0
BRDA:22,1,1,0
BRDA:31,2,0,0
BRDA:31,2,1,0
BRDA:45,3,0,0
BRDA:45,3,1,0
BRDA:54,4,0,0
BRDA:54,4,1,0
BRDA:57,5,0,0
BRDA:57,5,1,0
BRF:12
BRH:1
end_of_record
TN:
SF:src\middleware\validate.ts
FN:4,(anonymous_0)
FN:5,(anonymous_1)
FNF:2
FNH:2
FNDA:4,(anonymous_0)
FNDA:18,(anonymous_1)
DA:4,2
DA:5,4
DA:6,18
DA:7,18
DA:8,16
DA:10,2
LF:6
LH:6
BRF:0
BRH:0
end_of_record
TN:
SF:src\models\recipe.model.ts
FN:24,(anonymous_9)
FN:39,(anonymous_10)
FNF:2
FNH:2
FNDA:11,(anonymous_9)
FNDA:1,(anonymous_10)
DA:1,2
DA:18,2
DA:24,11
DA:39,2
DA:40,1
DA:41,1
DA:42,1
DA:45,2
LF:8
LH:8
BRDA:24,0,0,11
BRDA:24,0,1,11
BRF:2
BRH:2
end_of_record
TN:
SF:src\routes\entity.ts
FN:22,toString
FN:27,toNumber
FN:37,(anonymous_12)
FN:48,(anonymous_13)
FN:53,(anonymous_14)
FN:62,(anonymous_15)
FN:82,(anonymous_16)
FN:92,(anonymous_17)
FNF:8
FNH:8
FNDA:18,toString
FNDA:9,toNumber
FNDA:9,(anonymous_12)
FNDA:1,(anonymous_13)
FNDA:4,(anonymous_14)
FNDA:13,(anonymous_15)
FNDA:3,(anonymous_16)
FNDA:3,(anonymous_17)
DA:1,2
DA:2,2
DA:4,2
DA:5,2
DA:6,2
DA:8,2
DA:23,18
DA:24,5
DA:28,9
DA:29,9
DA:30,2
DA:31,2
DA:35,2
DA:38,9
DA:43,9
DA:44,9
DA:48,2
DA:49,1
DA:50,1
DA:53,2
DA:54,4
DA:55,4
DA:56,1
DA:59,2
DA:66,13
DA:67,13
DA:73,13
DA:74,13
DA:79,2
DA:86,3
DA:87,3
DA:88,1
DA:92,2
DA:93,3
DA:94,3
DA:95,1
DA:98,2
LF:37
LH:37
BRDA:23,0,0,13
BRDA:23,0,1,5
BRDA:24,1,0,0
BRDA:24,1,1,5
BRDA:29,2,0,7
BRDA:29,2,1,2
BRDA:31,3,0,0
BRDA:31,3,1,2
BRDA:55,4,0,3
BRDA:55,4,1,1
BRDA:87,5,0,2
BRDA:87,5,1,1
BRDA:94,6,0,2
BRDA:94,6,1,1
BRF:14
BRH:12
end_of_record
TN:
SF:src\schemas\entity.schema.ts
FNF:0
FNH:0
DA:1,2
DA:3,2
DA:10,2
LF:3
LH:3
BRF:0
BRH:0
end_of_record
TN:
SF:src\storage\entity.ts
FN:5,(anonymous_0)
FN:12,(anonymous_1)
FN:18,(anonymous_2)
FN:24,(anonymous_3)
FN:28,(anonymous_4)
FN:33,(anonymous_5)
FN:47,(anonymous_6)
FN:51,(anonymous_7)
FNF:8
FNH:8
FNDA:10,(anonymous_0)
FNDA:4,(anonymous_1)
FNDA:5,(anonymous_2)
FNDA:4,(anonymous_3)
FNDA:13,(anonymous_4)
FNDA:3,(anonymous_5)
FNDA:3,(anonymous_6)
FNDA:15,(anonymous_7)
DA:3,2
DA:5,2
DA:9,10
DA:11,10
DA:12,4
DA:16,10
DA:17,10
DA:18,5
DA:21,10
DA:24,2
DA:25,4
DA:28,2
DA:29,13
DA:30,13
DA:33,2
DA:34,3
DA:35,3
DA:37,1
DA:43,1
DA:44,1
DA:47,2
DA:48,3
DA:51,2
DA:52,15
LF:24
LH:24
BRDA:11,0,0,3
BRDA:11,0,1,7
BRDA:17,1,0,3
BRDA:17,1,1,7
BRDA:35,2,0,2
BRDA:35,2,1,1
BRF:6
BRH:6
end_of_record
TN:
SF:tests\setup.ts
FN:7,(anonymous_1)
FN:14,(anonymous_2)
FN:21,(anonymous_3)
FNF:3
FNH:3
FNDA:2,(anonymous_1)
FNDA:2,(anonymous_2)
FNDA:15,(anonymous_3)
DA:1,2
DA:2,2
DA:7,2
DA:8,2
DA:9,2
DA:10,2
DA:14,2
DA:15,2
DA:16,2
DA:17,2
DA:21,2
DA:22,15
DA:23,15
DA:24,15
LF:14
LH:14
BRF:0
BRH:0
end_of_record
